
==================================================
Parameter                 | Value               
==================================================
teacher_arch              | resnet18            
teacher_path              | saved_model/teacher_resnet18_best.pth
batch_size                | 128                 
lr                        | 0.05                
epochs                    | 100                 
temperature               | 4.0                 
alpha                     | 0.9                 
device                    | cuda:0              
==================================================

Files already downloaded and verified
Files already downloaded and verified
<All keys matched successfully>
Epoch [1/100] - Train Loss: 7.1738 | Test Loss: 1.5460 | Test Acc: 57.47%
Epoch [2/100] - Train Loss: 4.9019 | Test Loss: 1.4000 | Test Acc: 61.99%
Epoch [3/100] - Train Loss: 4.2548 | Test Loss: 1.2228 | Test Acc: 66.82%
Epoch [4/100] - Train Loss: 3.9614 | Test Loss: 1.2528 | Test Acc: 68.89%
Epoch [5/100] - Train Loss: 3.8190 | Test Loss: 1.2372 | Test Acc: 68.18%
Epoch [6/100] - Train Loss: 3.6633 | Test Loss: 1.1837 | Test Acc: 67.96%
Epoch [7/100] - Train Loss: 3.5384 | Test Loss: 1.0282 | Test Acc: 70.57%
Epoch [8/100] - Train Loss: 3.4277 | Test Loss: 1.0365 | Test Acc: 71.85%
Epoch [9/100] - Train Loss: 3.3895 | Test Loss: 0.9840 | Test Acc: 72.92%
Epoch [10/100] - Train Loss: 3.3437 | Test Loss: 1.0850 | Test Acc: 71.44%
Epoch [11/100] - Train Loss: 3.2364 | Test Loss: 0.9802 | Test Acc: 72.54%
Epoch [12/100] - Train Loss: 3.2462 | Test Loss: 1.1045 | Test Acc: 70.18%
Epoch [13/100] - Train Loss: 3.1707 | Test Loss: 1.0099 | Test Acc: 73.02%
Epoch [14/100] - Train Loss: 3.1630 | Test Loss: 1.0090 | Test Acc: 72.79%
Epoch [15/100] - Train Loss: 3.0933 | Test Loss: 0.9859 | Test Acc: 73.41%
Epoch [16/100] - Train Loss: 3.0934 | Test Loss: 0.8807 | Test Acc: 74.38%
Epoch [17/100] - Train Loss: 3.0570 | Test Loss: 1.1668 | Test Acc: 70.09%
Epoch [18/100] - Train Loss: 3.0222 | Test Loss: 0.9487 | Test Acc: 72.54%
Epoch [19/100] - Train Loss: 3.0135 | Test Loss: 1.1182 | Test Acc: 70.77%
Epoch [20/100] - Train Loss: 2.9917 | Test Loss: 0.9603 | Test Acc: 73.56%
Epoch [21/100] - Train Loss: 2.9458 | Test Loss: 0.8839 | Test Acc: 74.74%
Epoch [22/100] - Train Loss: 2.9532 | Test Loss: 0.9005 | Test Acc: 74.49%
Epoch [23/100] - Train Loss: 2.9487 | Test Loss: 0.9047 | Test Acc: 74.80%
Epoch [24/100] - Train Loss: 2.8984 | Test Loss: 0.8762 | Test Acc: 75.19%
Epoch [25/100] - Train Loss: 2.8800 | Test Loss: 0.9102 | Test Acc: 75.45%
Epoch [26/100] - Train Loss: 2.8591 | Test Loss: 1.0507 | Test Acc: 71.81%
Epoch [27/100] - Train Loss: 2.8528 | Test Loss: 0.9893 | Test Acc: 73.74%
Epoch [28/100] - Train Loss: 2.8412 | Test Loss: 0.9057 | Test Acc: 75.15%
Epoch [29/100] - Train Loss: 2.8416 | Test Loss: 0.8801 | Test Acc: 75.38%
Epoch [30/100] - Train Loss: 2.7888 | Test Loss: 0.9621 | Test Acc: 73.82%
Epoch [31/100] - Train Loss: 2.7644 | Test Loss: 0.8506 | Test Acc: 76.44%
Epoch [32/100] - Train Loss: 2.7875 | Test Loss: 0.8058 | Test Acc: 77.10%
Epoch [33/100] - Train Loss: 2.7807 | Test Loss: 0.8614 | Test Acc: 76.64%
Epoch [34/100] - Train Loss: 2.7443 | Test Loss: 0.8474 | Test Acc: 75.32%
Epoch [35/100] - Train Loss: 2.7282 | Test Loss: 0.8537 | Test Acc: 75.58%
Epoch [36/100] - Train Loss: 2.6863 | Test Loss: 0.8214 | Test Acc: 76.58%
Epoch [37/100] - Train Loss: 2.7122 | Test Loss: 0.8161 | Test Acc: 76.03%
Epoch [38/100] - Train Loss: 2.6969 | Test Loss: 0.8521 | Test Acc: 75.02%
Epoch [39/100] - Train Loss: 2.6507 | Test Loss: 0.8022 | Test Acc: 77.13%
Epoch [40/100] - Train Loss: 2.6435 | Test Loss: 0.8422 | Test Acc: 76.88%
Epoch [41/100] - Train Loss: 2.6239 | Test Loss: 0.8132 | Test Acc: 76.08%
Epoch [42/100] - Train Loss: 2.6459 | Test Loss: 0.8342 | Test Acc: 76.64%
Epoch [43/100] - Train Loss: 2.6161 | Test Loss: 0.7776 | Test Acc: 77.07%
Epoch [44/100] - Train Loss: 2.5933 | Test Loss: 0.8330 | Test Acc: 77.05%
Epoch [45/100] - Train Loss: 2.5616 | Test Loss: 0.8443 | Test Acc: 76.14%
Epoch [46/100] - Train Loss: 2.5720 | Test Loss: 0.8081 | Test Acc: 76.78%
Epoch [47/100] - Train Loss: 2.5398 | Test Loss: 0.7652 | Test Acc: 78.08%
Epoch [48/100] - Train Loss: 2.5511 | Test Loss: 0.8320 | Test Acc: 77.14%
Epoch [49/100] - Train Loss: 2.5104 | Test Loss: 0.8029 | Test Acc: 76.76%
Epoch [50/100] - Train Loss: 2.5156 | Test Loss: 0.7406 | Test Acc: 77.66%
Epoch [51/100] - Train Loss: 2.4973 | Test Loss: 0.7778 | Test Acc: 78.05%
Epoch [52/100] - Train Loss: 2.4577 | Test Loss: 0.8131 | Test Acc: 77.07%
Epoch [53/100] - Train Loss: 2.4748 | Test Loss: 0.8357 | Test Acc: 76.23%
Epoch [54/100] - Train Loss: 2.4660 | Test Loss: 0.7445 | Test Acc: 78.26%
Epoch [55/100] - Train Loss: 2.4312 | Test Loss: 0.7165 | Test Acc: 78.28%
Epoch [56/100] - Train Loss: 2.4240 | Test Loss: 0.8725 | Test Acc: 75.64%
Epoch [57/100] - Train Loss: 2.4265 | Test Loss: 0.7750 | Test Acc: 77.76%
Epoch [58/100] - Train Loss: 2.3810 | Test Loss: 0.7830 | Test Acc: 77.84%
Epoch [59/100] - Train Loss: 2.3658 | Test Loss: 0.7732 | Test Acc: 78.33%
Epoch [60/100] - Train Loss: 2.3549 | Test Loss: 0.7335 | Test Acc: 78.60%
Epoch [61/100] - Train Loss: 2.3468 | Test Loss: 0.7543 | Test Acc: 78.13%
Epoch [62/100] - Train Loss: 2.3301 | Test Loss: 0.7086 | Test Acc: 79.13%
Epoch [63/100] - Train Loss: 2.3004 | Test Loss: 0.7103 | Test Acc: 79.15%
Epoch [64/100] - Train Loss: 2.2942 | Test Loss: 0.7484 | Test Acc: 78.28%
Epoch [65/100] - Train Loss: 2.2871 | Test Loss: 0.7233 | Test Acc: 78.48%
Epoch [66/100] - Train Loss: 2.2650 | Test Loss: 0.7293 | Test Acc: 78.63%
Epoch [67/100] - Train Loss: 2.2637 | Test Loss: 0.8029 | Test Acc: 77.14%
Epoch [68/100] - Train Loss: 2.2478 | Test Loss: 0.7135 | Test Acc: 78.54%
Epoch [69/100] - Train Loss: 2.2147 | Test Loss: 0.7113 | Test Acc: 79.56%
Epoch [70/100] - Train Loss: 2.2032 | Test Loss: 0.7297 | Test Acc: 78.55%
Epoch [71/100] - Train Loss: 2.1999 | Test Loss: 0.7614 | Test Acc: 77.73%
Epoch [72/100] - Train Loss: 2.1848 | Test Loss: 0.7431 | Test Acc: 78.95%
Epoch [73/100] - Train Loss: 2.1553 | Test Loss: 0.7143 | Test Acc: 78.95%
Epoch [74/100] - Train Loss: 2.1425 | Test Loss: 0.6845 | Test Acc: 79.84%
Epoch [75/100] - Train Loss: 2.1323 | Test Loss: 0.7368 | Test Acc: 78.61%
Epoch [76/100] - Train Loss: 2.1188 | Test Loss: 0.7217 | Test Acc: 79.09%
Epoch [77/100] - Train Loss: 2.1026 | Test Loss: 0.6954 | Test Acc: 79.62%
Epoch [78/100] - Train Loss: 2.0886 | Test Loss: 0.7000 | Test Acc: 79.19%
Epoch [79/100] - Train Loss: 2.0684 | Test Loss: 0.7314 | Test Acc: 78.66%
Epoch [80/100] - Train Loss: 2.0605 | Test Loss: 0.7052 | Test Acc: 79.27%
Epoch [81/100] - Train Loss: 2.0513 | Test Loss: 0.7248 | Test Acc: 79.16%
Epoch [82/100] - Train Loss: 2.0434 | Test Loss: 0.6869 | Test Acc: 79.75%
Epoch [83/100] - Train Loss: 2.0220 | Test Loss: 0.6911 | Test Acc: 79.64%
Epoch [84/100] - Train Loss: 2.0138 | Test Loss: 0.6927 | Test Acc: 80.05%
Epoch [85/100] - Train Loss: 1.9956 | Test Loss: 0.6807 | Test Acc: 79.90%
Epoch [86/100] - Train Loss: 1.9880 | Test Loss: 0.6894 | Test Acc: 79.62%
Epoch [87/100] - Train Loss: 1.9853 | Test Loss: 0.6795 | Test Acc: 80.18%
Epoch [88/100] - Train Loss: 1.9673 | Test Loss: 0.6913 | Test Acc: 79.98%
Epoch [89/100] - Train Loss: 1.9496 | Test Loss: 0.6719 | Test Acc: 80.28%
Epoch [90/100] - Train Loss: 1.9433 | Test Loss: 0.6776 | Test Acc: 80.18%
Epoch [91/100] - Train Loss: 1.9345 | Test Loss: 0.6690 | Test Acc: 80.27%
Epoch [92/100] - Train Loss: 1.9209 | Test Loss: 0.6695 | Test Acc: 80.33%
Epoch [93/100] - Train Loss: 1.9279 | Test Loss: 0.6692 | Test Acc: 80.28%
Epoch [94/100] - Train Loss: 1.9190 | Test Loss: 0.6688 | Test Acc: 80.44%
Epoch [95/100] - Train Loss: 1.9082 | Test Loss: 0.6715 | Test Acc: 80.43%
Epoch [96/100] - Train Loss: 1.9050 | Test Loss: 0.6731 | Test Acc: 80.33%
Epoch [97/100] - Train Loss: 1.8971 | Test Loss: 0.6735 | Test Acc: 80.27%
Epoch [98/100] - Train Loss: 1.9013 | Test Loss: 0.6677 | Test Acc: 80.43%
Epoch [99/100] - Train Loss: 1.9036 | Test Loss: 0.6707 | Test Acc: 80.33%
Epoch [100/100] - Train Loss: 1.8996 | Test Loss: 0.6694 | Test Acc: 80.40%

Distillation complete. Best Student Test Accuracy: 80.44%
