
==================================================
Parameter                 | Value               
==================================================
teacher_arch              | resnet18            
teacher_path              | saved_model/teacher_resnet18_best.pth
batch_size                | 128                 
lr                        | 0.05                
epochs                    | 100                 
sp_weight                 | 3000.0              
device                    | cuda:0              
==================================================

Files already downloaded and verified
Files already downloaded and verified
<All keys matched successfully>
Epoch [1/100] - Train Loss: 6.3342 | Test Loss: 1.1121 | Test Acc: 60.24%
Epoch [2/100] - Train Loss: 5.1849 | Test Loss: 1.0102 | Test Acc: 63.50%
Epoch [3/100] - Train Loss: 4.8683 | Test Loss: 0.9227 | Test Acc: 66.84%
Epoch [4/100] - Train Loss: 4.6534 | Test Loss: 0.8902 | Test Acc: 68.41%
Epoch [5/100] - Train Loss: 4.5064 | Test Loss: 1.0066 | Test Acc: 65.91%
Epoch [6/100] - Train Loss: 4.4471 | Test Loss: 0.8858 | Test Acc: 69.65%
Epoch [7/100] - Train Loss: 4.3655 | Test Loss: 0.8653 | Test Acc: 70.08%
Epoch [8/100] - Train Loss: 4.2982 | Test Loss: 0.8440 | Test Acc: 70.67%
Epoch [9/100] - Train Loss: 4.2808 | Test Loss: 0.9482 | Test Acc: 67.32%
Epoch [10/100] - Train Loss: 4.2246 | Test Loss: 0.8461 | Test Acc: 70.79%
Epoch [11/100] - Train Loss: 4.1947 | Test Loss: 0.7494 | Test Acc: 73.36%
Epoch [12/100] - Train Loss: 4.1713 | Test Loss: 0.8634 | Test Acc: 70.70%
Epoch [13/100] - Train Loss: 4.1305 | Test Loss: 0.7921 | Test Acc: 71.88%
Epoch [14/100] - Train Loss: 4.1008 | Test Loss: 0.8225 | Test Acc: 70.75%
Epoch [15/100] - Train Loss: 4.1019 | Test Loss: 0.8279 | Test Acc: 70.76%
Epoch [16/100] - Train Loss: 4.0630 | Test Loss: 0.8401 | Test Acc: 70.92%
Epoch [17/100] - Train Loss: 4.0531 | Test Loss: 0.8359 | Test Acc: 70.90%
Epoch [18/100] - Train Loss: 4.0272 | Test Loss: 0.8011 | Test Acc: 72.26%
Epoch [19/100] - Train Loss: 4.0188 | Test Loss: 0.7745 | Test Acc: 73.37%
Epoch [20/100] - Train Loss: 4.0277 | Test Loss: 0.8293 | Test Acc: 71.51%
Epoch [21/100] - Train Loss: 3.9933 | Test Loss: 0.8437 | Test Acc: 70.35%
Epoch [22/100] - Train Loss: 3.9850 | Test Loss: 1.0506 | Test Acc: 65.45%
Epoch [23/100] - Train Loss: 3.9761 | Test Loss: 0.7205 | Test Acc: 75.52%
Epoch [24/100] - Train Loss: 3.9627 | Test Loss: 0.7499 | Test Acc: 73.92%
Epoch [25/100] - Train Loss: 3.9579 | Test Loss: 0.9050 | Test Acc: 70.52%
Epoch [26/100] - Train Loss: 3.9565 | Test Loss: 0.7672 | Test Acc: 73.18%
Epoch [27/100] - Train Loss: 3.9450 | Test Loss: 0.7056 | Test Acc: 75.51%
Epoch [28/100] - Train Loss: 3.9067 | Test Loss: 0.8272 | Test Acc: 71.87%
Epoch [29/100] - Train Loss: 3.9133 | Test Loss: 0.8619 | Test Acc: 70.79%
Epoch [30/100] - Train Loss: 3.8939 | Test Loss: 0.7479 | Test Acc: 73.62%
Epoch [31/100] - Train Loss: 3.8901 | Test Loss: 0.8509 | Test Acc: 69.88%
Epoch [32/100] - Train Loss: 3.8804 | Test Loss: 0.7343 | Test Acc: 74.40%
Epoch [33/100] - Train Loss: 3.8704 | Test Loss: 0.8268 | Test Acc: 71.30%
Epoch [34/100] - Train Loss: 3.8565 | Test Loss: 0.7824 | Test Acc: 73.25%
Epoch [35/100] - Train Loss: 3.8481 | Test Loss: 0.7934 | Test Acc: 73.06%
Epoch [36/100] - Train Loss: 3.8220 | Test Loss: 0.7415 | Test Acc: 74.78%
Epoch [37/100] - Train Loss: 3.8401 | Test Loss: 0.7043 | Test Acc: 75.65%
Epoch [38/100] - Train Loss: 3.8352 | Test Loss: 0.7358 | Test Acc: 74.97%
Epoch [39/100] - Train Loss: 3.8190 | Test Loss: 0.8441 | Test Acc: 71.13%
Epoch [40/100] - Train Loss: 3.8047 | Test Loss: 0.7423 | Test Acc: 73.90%
Epoch [41/100] - Train Loss: 3.7865 | Test Loss: 0.7389 | Test Acc: 74.84%
Epoch [42/100] - Train Loss: 3.7831 | Test Loss: 0.8116 | Test Acc: 73.05%
Epoch [43/100] - Train Loss: 3.7908 | Test Loss: 0.8263 | Test Acc: 71.83%
Epoch [44/100] - Train Loss: 3.7749 | Test Loss: 0.7744 | Test Acc: 74.05%
Epoch [45/100] - Train Loss: 3.7618 | Test Loss: 0.7706 | Test Acc: 73.16%
Epoch [46/100] - Train Loss: 3.7478 | Test Loss: 0.7678 | Test Acc: 73.77%
Epoch [47/100] - Train Loss: 3.7229 | Test Loss: 0.7568 | Test Acc: 73.87%
Epoch [48/100] - Train Loss: 3.7365 | Test Loss: 0.6908 | Test Acc: 75.96%
Epoch [49/100] - Train Loss: 3.7128 | Test Loss: 0.6911 | Test Acc: 76.12%
Epoch [50/100] - Train Loss: 3.7002 | Test Loss: 0.7469 | Test Acc: 74.51%
Epoch [51/100] - Train Loss: 3.6934 | Test Loss: 0.7029 | Test Acc: 75.40%
Epoch [52/100] - Train Loss: 3.7045 | Test Loss: 0.7226 | Test Acc: 75.14%
Epoch [53/100] - Train Loss: 3.6678 | Test Loss: 0.7229 | Test Acc: 74.97%
Epoch [54/100] - Train Loss: 3.6643 | Test Loss: 0.7661 | Test Acc: 73.62%
Epoch [55/100] - Train Loss: 3.6464 | Test Loss: 0.7213 | Test Acc: 75.39%
Epoch [56/100] - Train Loss: 3.6518 | Test Loss: 0.7286 | Test Acc: 75.74%
Epoch [57/100] - Train Loss: 3.6372 | Test Loss: 0.7232 | Test Acc: 75.33%
Epoch [58/100] - Train Loss: 3.6307 | Test Loss: 0.6733 | Test Acc: 76.51%
Epoch [59/100] - Train Loss: 3.6214 | Test Loss: 0.7028 | Test Acc: 75.62%
Epoch [60/100] - Train Loss: 3.6087 | Test Loss: 0.6838 | Test Acc: 76.37%
Epoch [61/100] - Train Loss: 3.6104 | Test Loss: 0.7311 | Test Acc: 74.88%
Epoch [62/100] - Train Loss: 3.5997 | Test Loss: 0.8053 | Test Acc: 72.65%
Epoch [63/100] - Train Loss: 3.5871 | Test Loss: 0.8079 | Test Acc: 72.45%
Epoch [64/100] - Train Loss: 3.5779 | Test Loss: 0.6601 | Test Acc: 77.00%
Epoch [65/100] - Train Loss: 3.5634 | Test Loss: 0.6798 | Test Acc: 76.47%
Epoch [66/100] - Train Loss: 3.5577 | Test Loss: 0.6261 | Test Acc: 78.44%
Epoch [67/100] - Train Loss: 3.5425 | Test Loss: 0.6393 | Test Acc: 77.70%
Epoch [68/100] - Train Loss: 3.5344 | Test Loss: 0.6473 | Test Acc: 77.88%
Epoch [69/100] - Train Loss: 3.5350 | Test Loss: 0.6849 | Test Acc: 76.62%
Epoch [70/100] - Train Loss: 3.4947 | Test Loss: 0.7149 | Test Acc: 75.52%
Epoch [71/100] - Train Loss: 3.5010 | Test Loss: 0.6514 | Test Acc: 77.07%
Epoch [72/100] - Train Loss: 3.4853 | Test Loss: 0.6410 | Test Acc: 78.08%
Epoch [73/100] - Train Loss: 3.4777 | Test Loss: 0.6741 | Test Acc: 76.93%
Epoch [74/100] - Train Loss: 3.4553 | Test Loss: 0.6452 | Test Acc: 77.69%
Epoch [75/100] - Train Loss: 3.4489 | Test Loss: 0.7014 | Test Acc: 76.13%
Epoch [76/100] - Train Loss: 3.4499 | Test Loss: 0.6421 | Test Acc: 77.97%
Epoch [77/100] - Train Loss: 3.4308 | Test Loss: 0.6252 | Test Acc: 78.28%
Epoch [78/100] - Train Loss: 3.4275 | Test Loss: 0.6217 | Test Acc: 78.48%
Epoch [79/100] - Train Loss: 3.4144 | Test Loss: 0.6154 | Test Acc: 78.39%
Epoch [80/100] - Train Loss: 3.4081 | Test Loss: 0.6296 | Test Acc: 77.96%
Epoch [81/100] - Train Loss: 3.3829 | Test Loss: 0.6260 | Test Acc: 78.08%
Epoch [82/100] - Train Loss: 3.3738 | Test Loss: 0.6380 | Test Acc: 77.96%
Epoch [83/100] - Train Loss: 3.3821 | Test Loss: 0.6228 | Test Acc: 78.62%
Epoch [84/100] - Train Loss: 3.3678 | Test Loss: 0.6135 | Test Acc: 78.64%
Epoch [85/100] - Train Loss: 3.3531 | Test Loss: 0.6132 | Test Acc: 78.61%
Epoch [86/100] - Train Loss: 3.3434 | Test Loss: 0.6138 | Test Acc: 78.57%
Epoch [87/100] - Train Loss: 3.3410 | Test Loss: 0.6038 | Test Acc: 79.06%
Epoch [88/100] - Train Loss: 3.3335 | Test Loss: 0.6016 | Test Acc: 78.83%
Epoch [89/100] - Train Loss: 3.3162 | Test Loss: 0.6011 | Test Acc: 78.81%
Epoch [90/100] - Train Loss: 3.3137 | Test Loss: 0.6013 | Test Acc: 79.20%
Epoch [91/100] - Train Loss: 3.3058 | Test Loss: 0.5957 | Test Acc: 79.30%
Epoch [92/100] - Train Loss: 3.2990 | Test Loss: 0.5993 | Test Acc: 79.10%
Epoch [93/100] - Train Loss: 3.2925 | Test Loss: 0.5960 | Test Acc: 79.21%
Epoch [94/100] - Train Loss: 3.2978 | Test Loss: 0.5967 | Test Acc: 79.28%
Epoch [95/100] - Train Loss: 3.2806 | Test Loss: 0.5948 | Test Acc: 79.43%
Epoch [96/100] - Train Loss: 3.2778 | Test Loss: 0.5945 | Test Acc: 79.38%
Epoch [97/100] - Train Loss: 3.2758 | Test Loss: 0.5939 | Test Acc: 79.30%
Epoch [98/100] - Train Loss: 3.2769 | Test Loss: 0.5945 | Test Acc: 79.33%
Epoch [99/100] - Train Loss: 3.2750 | Test Loss: 0.5930 | Test Acc: 79.44%
Epoch [100/100] - Train Loss: 3.2732 | Test Loss: 0.5930 | Test Acc: 79.45%

Distillation complete. Best Student Test Accuracy: 79.45%
