
==================================================
Parameter                 | Value               
==================================================
arch                      | resnet18            
batch_size                | 128                 
lr                        | 0.1                 
epochs                    | 200                 
save_dir                  | saved_model         
device                    | 0                   
student                   | False               
==================================================

Files already downloaded and verified
Files already downloaded and verified
loading teacher model ...
Epoch [1/200] - Train Loss: 2.1107, Train Acc: 26.12% | Test Loss: 1.6897, Test Acc: 35.84%
---> Saving model... (Accuracy improved from 0.00% to 35.84%)
Epoch [2/200] - Train Loss: 1.3734, Train Acc: 49.44% | Test Loss: 1.2318, Test Acc: 55.93%
---> Saving model... (Accuracy improved from 35.84% to 55.93%)
Epoch [3/200] - Train Loss: 1.0333, Train Acc: 63.04% | Test Loss: 0.9478, Test Acc: 65.80%
---> Saving model... (Accuracy improved from 55.93% to 65.80%)
Epoch [4/200] - Train Loss: 0.8357, Train Acc: 70.26% | Test Loss: 0.8845, Test Acc: 69.09%
---> Saving model... (Accuracy improved from 65.80% to 69.09%)
Epoch [5/200] - Train Loss: 0.6862, Train Acc: 75.89% | Test Loss: 0.6811, Test Acc: 76.31%
---> Saving model... (Accuracy improved from 69.09% to 76.31%)
Epoch [6/200] - Train Loss: 0.5721, Train Acc: 80.01% | Test Loss: 0.7118, Test Acc: 75.43%
Epoch [7/200] - Train Loss: 0.5171, Train Acc: 82.05% | Test Loss: 0.6401, Test Acc: 77.90%
---> Saving model... (Accuracy improved from 76.31% to 77.90%)
Epoch [8/200] - Train Loss: 0.4725, Train Acc: 83.62% | Test Loss: 0.7335, Test Acc: 75.56%
Epoch [9/200] - Train Loss: 0.4340, Train Acc: 84.94% | Test Loss: 0.5423, Test Acc: 81.07%
---> Saving model... (Accuracy improved from 77.90% to 81.07%)
Epoch [10/200] - Train Loss: 0.4143, Train Acc: 85.76% | Test Loss: 0.5678, Test Acc: 80.60%
Epoch [11/200] - Train Loss: 0.3847, Train Acc: 86.58% | Test Loss: 0.6251, Test Acc: 79.02%
Epoch [12/200] - Train Loss: 0.3665, Train Acc: 87.30% | Test Loss: 0.6408, Test Acc: 78.48%
Epoch [13/200] - Train Loss: 0.3612, Train Acc: 87.51% | Test Loss: 0.6585, Test Acc: 78.86%
Epoch [14/200] - Train Loss: 0.3411, Train Acc: 88.15% | Test Loss: 0.6227, Test Acc: 79.46%
Epoch [15/200] - Train Loss: 0.3296, Train Acc: 88.60% | Test Loss: 0.5345, Test Acc: 82.65%
---> Saving model... (Accuracy improved from 81.07% to 82.65%)
Epoch [16/200] - Train Loss: 0.3177, Train Acc: 88.99% | Test Loss: 0.5971, Test Acc: 80.40%
Epoch [17/200] - Train Loss: 0.3071, Train Acc: 89.31% | Test Loss: 0.6105, Test Acc: 79.71%
Epoch [18/200] - Train Loss: 0.2957, Train Acc: 89.85% | Test Loss: 0.5649, Test Acc: 80.13%
Epoch [19/200] - Train Loss: 0.2968, Train Acc: 89.65% | Test Loss: 0.5696, Test Acc: 81.37%
Epoch [20/200] - Train Loss: 0.2868, Train Acc: 89.89% | Test Loss: 0.5808, Test Acc: 81.09%
Epoch [21/200] - Train Loss: 0.2812, Train Acc: 90.32% | Test Loss: 0.4850, Test Acc: 83.99%
---> Saving model... (Accuracy improved from 82.65% to 83.99%)
Epoch [22/200] - Train Loss: 0.2753, Train Acc: 90.58% | Test Loss: 0.4897, Test Acc: 84.13%
---> Saving model... (Accuracy improved from 83.99% to 84.13%)
Epoch [23/200] - Train Loss: 0.2683, Train Acc: 90.78% | Test Loss: 0.6697, Test Acc: 79.22%
Epoch [24/200] - Train Loss: 0.2662, Train Acc: 90.69% | Test Loss: 0.4979, Test Acc: 83.09%
Epoch [25/200] - Train Loss: 0.2606, Train Acc: 90.96% | Test Loss: 0.5635, Test Acc: 81.68%
Epoch [26/200] - Train Loss: 0.2634, Train Acc: 90.93% | Test Loss: 0.5918, Test Acc: 81.27%
Epoch [27/200] - Train Loss: 0.2514, Train Acc: 91.31% | Test Loss: 0.6237, Test Acc: 80.16%
Epoch [28/200] - Train Loss: 0.2542, Train Acc: 91.16% | Test Loss: 0.5003, Test Acc: 83.53%
Epoch [29/200] - Train Loss: 0.2392, Train Acc: 91.83% | Test Loss: 0.6239, Test Acc: 80.94%
Epoch [30/200] - Train Loss: 0.2444, Train Acc: 91.57% | Test Loss: 0.6476, Test Acc: 79.95%
Epoch [31/200] - Train Loss: 0.2358, Train Acc: 91.97% | Test Loss: 0.5397, Test Acc: 82.46%
Epoch [32/200] - Train Loss: 0.2390, Train Acc: 91.79% | Test Loss: 0.5776, Test Acc: 81.32%
Epoch [33/200] - Train Loss: 0.2373, Train Acc: 91.83% | Test Loss: 0.5595, Test Acc: 82.65%
Epoch [34/200] - Train Loss: 0.2356, Train Acc: 91.83% | Test Loss: 0.5307, Test Acc: 82.45%
Epoch [35/200] - Train Loss: 0.2369, Train Acc: 91.74% | Test Loss: 0.4413, Test Acc: 85.35%
---> Saving model... (Accuracy improved from 84.13% to 85.35%)
Epoch [36/200] - Train Loss: 0.2321, Train Acc: 92.03% | Test Loss: 0.5687, Test Acc: 82.12%
Epoch [37/200] - Train Loss: 0.2193, Train Acc: 92.46% | Test Loss: 0.4933, Test Acc: 83.99%
Epoch [38/200] - Train Loss: 0.2316, Train Acc: 91.95% | Test Loss: 0.5679, Test Acc: 82.92%
Epoch [39/200] - Train Loss: 0.2223, Train Acc: 92.40% | Test Loss: 0.5714, Test Acc: 82.32%
Epoch [40/200] - Train Loss: 0.2171, Train Acc: 92.56% | Test Loss: 0.5381, Test Acc: 82.79%
Epoch [41/200] - Train Loss: 0.2228, Train Acc: 92.49% | Test Loss: 0.4556, Test Acc: 85.76%
---> Saving model... (Accuracy improved from 85.35% to 85.76%)
Epoch [42/200] - Train Loss: 0.2170, Train Acc: 92.52% | Test Loss: 0.6311, Test Acc: 81.40%
Epoch [43/200] - Train Loss: 0.2090, Train Acc: 92.85% | Test Loss: 0.5779, Test Acc: 82.19%
Epoch [44/200] - Train Loss: 0.2077, Train Acc: 92.85% | Test Loss: 0.4901, Test Acc: 84.78%
Epoch [45/200] - Train Loss: 0.2040, Train Acc: 93.03% | Test Loss: 0.5791, Test Acc: 81.81%
Epoch [46/200] - Train Loss: 0.2101, Train Acc: 92.87% | Test Loss: 0.5330, Test Acc: 83.15%
Epoch [47/200] - Train Loss: 0.2031, Train Acc: 93.01% | Test Loss: 0.5571, Test Acc: 82.39%
Epoch [48/200] - Train Loss: 0.2039, Train Acc: 92.86% | Test Loss: 0.4695, Test Acc: 84.97%
Epoch [49/200] - Train Loss: 0.2001, Train Acc: 93.15% | Test Loss: 0.4899, Test Acc: 84.52%
Epoch [50/200] - Train Loss: 0.2022, Train Acc: 93.12% | Test Loss: 0.4239, Test Acc: 86.62%
---> Saving model... (Accuracy improved from 85.76% to 86.62%)
Epoch [51/200] - Train Loss: 0.1968, Train Acc: 93.18% | Test Loss: 0.5622, Test Acc: 82.48%
Epoch [52/200] - Train Loss: 0.1940, Train Acc: 93.45% | Test Loss: 0.5394, Test Acc: 83.04%
Epoch [53/200] - Train Loss: 0.1936, Train Acc: 93.41% | Test Loss: 0.5313, Test Acc: 83.21%
Epoch [54/200] - Train Loss: 0.1909, Train Acc: 93.47% | Test Loss: 0.5449, Test Acc: 83.38%
Epoch [55/200] - Train Loss: 0.1881, Train Acc: 93.54% | Test Loss: 0.4572, Test Acc: 85.68%
Epoch [56/200] - Train Loss: 0.1861, Train Acc: 93.58% | Test Loss: 0.5234, Test Acc: 84.05%
Epoch [57/200] - Train Loss: 0.1866, Train Acc: 93.61% | Test Loss: 0.5681, Test Acc: 82.89%
Epoch [58/200] - Train Loss: 0.1886, Train Acc: 93.46% | Test Loss: 0.6815, Test Acc: 80.39%
Epoch [59/200] - Train Loss: 0.1891, Train Acc: 93.58% | Test Loss: 0.5838, Test Acc: 81.86%
Epoch [60/200] - Train Loss: 0.1737, Train Acc: 94.15% | Test Loss: 0.6366, Test Acc: 80.69%
Epoch [61/200] - Train Loss: 0.1808, Train Acc: 93.80% | Test Loss: 0.5739, Test Acc: 81.47%
Epoch [62/200] - Train Loss: 0.1809, Train Acc: 93.72% | Test Loss: 0.5143, Test Acc: 83.87%
Epoch [63/200] - Train Loss: 0.1725, Train Acc: 94.13% | Test Loss: 0.5420, Test Acc: 83.21%
Epoch [64/200] - Train Loss: 0.1682, Train Acc: 94.30% | Test Loss: 0.4684, Test Acc: 84.88%
Epoch [65/200] - Train Loss: 0.1695, Train Acc: 94.22% | Test Loss: 0.4923, Test Acc: 84.31%
Epoch [66/200] - Train Loss: 0.1647, Train Acc: 94.29% | Test Loss: 0.5645, Test Acc: 82.44%
Epoch [67/200] - Train Loss: 0.1666, Train Acc: 94.29% | Test Loss: 0.6411, Test Acc: 81.15%
Epoch [68/200] - Train Loss: 0.1612, Train Acc: 94.43% | Test Loss: 0.5389, Test Acc: 83.99%
Epoch [69/200] - Train Loss: 0.1646, Train Acc: 94.41% | Test Loss: 0.5866, Test Acc: 82.44%
Epoch [70/200] - Train Loss: 0.1637, Train Acc: 94.50% | Test Loss: 0.5861, Test Acc: 82.33%
Epoch [71/200] - Train Loss: 0.1591, Train Acc: 94.54% | Test Loss: 0.4632, Test Acc: 85.78%
Epoch [72/200] - Train Loss: 0.1505, Train Acc: 94.81% | Test Loss: 0.5699, Test Acc: 83.23%
Epoch [73/200] - Train Loss: 0.1597, Train Acc: 94.58% | Test Loss: 0.6061, Test Acc: 82.35%
Epoch [74/200] - Train Loss: 0.1483, Train Acc: 94.93% | Test Loss: 0.4799, Test Acc: 85.01%
Epoch [75/200] - Train Loss: 0.1554, Train Acc: 94.67% | Test Loss: 0.5348, Test Acc: 83.76%
Epoch [76/200] - Train Loss: 0.1533, Train Acc: 94.79% | Test Loss: 0.4791, Test Acc: 84.95%
Epoch [77/200] - Train Loss: 0.1446, Train Acc: 94.98% | Test Loss: 0.5501, Test Acc: 83.12%
Epoch [78/200] - Train Loss: 0.1493, Train Acc: 94.82% | Test Loss: 0.4554, Test Acc: 85.74%
Epoch [79/200] - Train Loss: 0.1407, Train Acc: 95.22% | Test Loss: 0.5588, Test Acc: 83.86%
Epoch [80/200] - Train Loss: 0.1396, Train Acc: 95.17% | Test Loss: 0.5631, Test Acc: 82.36%
Epoch [81/200] - Train Loss: 0.1413, Train Acc: 95.17% | Test Loss: 0.4679, Test Acc: 85.74%
Epoch [82/200] - Train Loss: 0.1399, Train Acc: 95.17% | Test Loss: 0.4769, Test Acc: 85.49%
Epoch [83/200] - Train Loss: 0.1346, Train Acc: 95.42% | Test Loss: 0.5079, Test Acc: 84.98%
Epoch [84/200] - Train Loss: 0.1337, Train Acc: 95.48% | Test Loss: 0.4667, Test Acc: 86.13%
Epoch [85/200] - Train Loss: 0.1296, Train Acc: 95.65% | Test Loss: 0.4652, Test Acc: 85.92%
Epoch [86/200] - Train Loss: 0.1319, Train Acc: 95.54% | Test Loss: 0.4623, Test Acc: 86.23%
Epoch [87/200] - Train Loss: 0.1314, Train Acc: 95.49% | Test Loss: 0.4408, Test Acc: 86.37%
Epoch [88/200] - Train Loss: 0.1231, Train Acc: 95.82% | Test Loss: 0.5119, Test Acc: 84.52%
Epoch [89/200] - Train Loss: 0.1219, Train Acc: 95.89% | Test Loss: 0.4476, Test Acc: 86.31%
Epoch [90/200] - Train Loss: 0.1211, Train Acc: 95.94% | Test Loss: 0.4966, Test Acc: 84.87%
Epoch [91/200] - Train Loss: 0.1242, Train Acc: 95.80% | Test Loss: 0.5069, Test Acc: 84.87%
Epoch [92/200] - Train Loss: 0.1199, Train Acc: 95.99% | Test Loss: 0.4366, Test Acc: 87.12%
---> Saving model... (Accuracy improved from 86.62% to 87.12%)
Epoch [93/200] - Train Loss: 0.1127, Train Acc: 96.23% | Test Loss: 0.4681, Test Acc: 86.28%
Epoch [94/200] - Train Loss: 0.1117, Train Acc: 96.21% | Test Loss: 0.5402, Test Acc: 85.00%
Epoch [95/200] - Train Loss: 0.1131, Train Acc: 96.09% | Test Loss: 0.4967, Test Acc: 85.50%
Epoch [96/200] - Train Loss: 0.1088, Train Acc: 96.33% | Test Loss: 0.5070, Test Acc: 85.44%
Epoch [97/200] - Train Loss: 0.1094, Train Acc: 96.26% | Test Loss: 0.4723, Test Acc: 86.18%
Epoch [98/200] - Train Loss: 0.1030, Train Acc: 96.62% | Test Loss: 0.5201, Test Acc: 85.24%
Epoch [99/200] - Train Loss: 0.0983, Train Acc: 96.69% | Test Loss: 0.4602, Test Acc: 86.76%
Epoch [100/200] - Train Loss: 0.1025, Train Acc: 96.56% | Test Loss: 0.5315, Test Acc: 84.66%
Epoch [101/200] - Train Loss: 0.1021, Train Acc: 96.50% | Test Loss: 0.4440, Test Acc: 87.22%
---> Saving model... (Accuracy improved from 87.12% to 87.22%)
Epoch [102/200] - Train Loss: 0.0998, Train Acc: 96.69% | Test Loss: 0.5741, Test Acc: 83.76%
Epoch [103/200] - Train Loss: 0.0916, Train Acc: 96.93% | Test Loss: 0.4630, Test Acc: 86.59%
Epoch [104/200] - Train Loss: 0.0972, Train Acc: 96.75% | Test Loss: 0.3883, Test Acc: 88.48%
---> Saving model... (Accuracy improved from 87.22% to 88.48%)
Epoch [105/200] - Train Loss: 0.0865, Train Acc: 97.13% | Test Loss: 0.4615, Test Acc: 86.55%
Epoch [106/200] - Train Loss: 0.0894, Train Acc: 96.95% | Test Loss: 0.4328, Test Acc: 86.93%
Epoch [107/200] - Train Loss: 0.0914, Train Acc: 96.95% | Test Loss: 0.4343, Test Acc: 86.67%
Epoch [108/200] - Train Loss: 0.0826, Train Acc: 97.27% | Test Loss: 0.4114, Test Acc: 87.31%
Epoch [109/200] - Train Loss: 0.0810, Train Acc: 97.26% | Test Loss: 0.4575, Test Acc: 86.42%
Epoch [110/200] - Train Loss: 0.0805, Train Acc: 97.40% | Test Loss: 0.4566, Test Acc: 86.16%
Epoch [111/200] - Train Loss: 0.0759, Train Acc: 97.47% | Test Loss: 0.4994, Test Acc: 85.99%
Epoch [112/200] - Train Loss: 0.0773, Train Acc: 97.48% | Test Loss: 0.5119, Test Acc: 85.68%
Epoch [113/200] - Train Loss: 0.0730, Train Acc: 97.56% | Test Loss: 0.4532, Test Acc: 86.97%
Epoch [114/200] - Train Loss: 0.0682, Train Acc: 97.76% | Test Loss: 0.5337, Test Acc: 85.50%
Epoch [115/200] - Train Loss: 0.0753, Train Acc: 97.50% | Test Loss: 0.5527, Test Acc: 84.57%
Epoch [116/200] - Train Loss: 0.0731, Train Acc: 97.62% | Test Loss: 0.5012, Test Acc: 86.19%
Epoch [117/200] - Train Loss: 0.0647, Train Acc: 97.90% | Test Loss: 0.5271, Test Acc: 85.28%
Epoch [118/200] - Train Loss: 0.0629, Train Acc: 97.91% | Test Loss: 0.5016, Test Acc: 85.97%
Epoch [119/200] - Train Loss: 0.0651, Train Acc: 97.84% | Test Loss: 0.4824, Test Acc: 86.18%
Epoch [120/200] - Train Loss: 0.0551, Train Acc: 98.24% | Test Loss: 0.4646, Test Acc: 87.05%
Epoch [121/200] - Train Loss: 0.0596, Train Acc: 98.04% | Test Loss: 0.4727, Test Acc: 86.54%
Epoch [122/200] - Train Loss: 0.0587, Train Acc: 98.15% | Test Loss: 0.5544, Test Acc: 84.65%
Epoch [123/200] - Train Loss: 0.0622, Train Acc: 97.96% | Test Loss: 0.4808, Test Acc: 86.57%
Epoch [124/200] - Train Loss: 0.0427, Train Acc: 98.62% | Test Loss: 0.4303, Test Acc: 88.38%
Epoch [125/200] - Train Loss: 0.0446, Train Acc: 98.63% | Test Loss: 0.3922, Test Acc: 89.04%
---> Saving model... (Accuracy improved from 88.48% to 89.04%)
Epoch [126/200] - Train Loss: 0.0475, Train Acc: 98.48% | Test Loss: 0.4343, Test Acc: 87.74%
Epoch [127/200] - Train Loss: 0.0495, Train Acc: 98.39% | Test Loss: 0.4932, Test Acc: 86.52%
Epoch [128/200] - Train Loss: 0.0489, Train Acc: 98.47% | Test Loss: 0.4323, Test Acc: 87.91%
Epoch [129/200] - Train Loss: 0.0453, Train Acc: 98.61% | Test Loss: 0.4659, Test Acc: 87.75%
Epoch [130/200] - Train Loss: 0.0457, Train Acc: 98.56% | Test Loss: 0.4411, Test Acc: 87.72%
Epoch [131/200] - Train Loss: 0.0406, Train Acc: 98.73% | Test Loss: 0.4141, Test Acc: 88.78%
Epoch [132/200] - Train Loss: 0.0420, Train Acc: 98.66% | Test Loss: 0.4203, Test Acc: 88.29%
Epoch [133/200] - Train Loss: 0.0428, Train Acc: 98.72% | Test Loss: 0.4093, Test Acc: 88.90%
Epoch [134/200] - Train Loss: 0.0287, Train Acc: 99.15% | Test Loss: 0.3985, Test Acc: 89.31%
---> Saving model... (Accuracy improved from 89.04% to 89.31%)
Epoch [135/200] - Train Loss: 0.0273, Train Acc: 99.16% | Test Loss: 0.4311, Test Acc: 88.41%
Epoch [136/200] - Train Loss: 0.0225, Train Acc: 99.34% | Test Loss: 0.4276, Test Acc: 88.51%
Epoch [137/200] - Train Loss: 0.0289, Train Acc: 99.08% | Test Loss: 0.4514, Test Acc: 87.49%
Epoch [138/200] - Train Loss: 0.0274, Train Acc: 99.22% | Test Loss: 0.4017, Test Acc: 88.70%
Epoch [139/200] - Train Loss: 0.0268, Train Acc: 99.19% | Test Loss: 0.3835, Test Acc: 89.43%
---> Saving model... (Accuracy improved from 89.31% to 89.43%)
Epoch [140/200] - Train Loss: 0.0256, Train Acc: 99.25% | Test Loss: 0.4311, Test Acc: 88.47%
Epoch [141/200] - Train Loss: 0.0233, Train Acc: 99.38% | Test Loss: 0.4525, Test Acc: 88.37%
Epoch [142/200] - Train Loss: 0.0198, Train Acc: 99.44% | Test Loss: 0.4229, Test Acc: 89.06%
Epoch [143/200] - Train Loss: 0.0147, Train Acc: 99.61% | Test Loss: 0.4161, Test Acc: 89.33%
Epoch [144/200] - Train Loss: 0.0146, Train Acc: 99.62% | Test Loss: 0.3959, Test Acc: 89.92%
---> Saving model... (Accuracy improved from 89.43% to 89.92%)
Epoch [145/200] - Train Loss: 0.0140, Train Acc: 99.63% | Test Loss: 0.4175, Test Acc: 89.10%
Epoch [146/200] - Train Loss: 0.0144, Train Acc: 99.62% | Test Loss: 0.3984, Test Acc: 89.61%
Epoch [147/200] - Train Loss: 0.0124, Train Acc: 99.73% | Test Loss: 0.3700, Test Acc: 90.28%
---> Saving model... (Accuracy improved from 89.92% to 90.28%)
Epoch [148/200] - Train Loss: 0.0061, Train Acc: 99.90% | Test Loss: 0.3476, Test Acc: 90.92%
---> Saving model... (Accuracy improved from 90.28% to 90.92%)
Epoch [149/200] - Train Loss: 0.0034, Train Acc: 99.96% | Test Loss: 0.3339, Test Acc: 91.20%
---> Saving model... (Accuracy improved from 90.92% to 91.20%)
Epoch [150/200] - Train Loss: 0.0018, Train Acc: 100.00% | Test Loss: 0.3062, Test Acc: 91.73%
---> Saving model... (Accuracy improved from 91.20% to 91.73%)
Epoch [151/200] - Train Loss: 0.0020, Train Acc: 99.98% | Test Loss: 0.3045, Test Acc: 91.54%
Epoch [152/200] - Train Loss: 0.0017, Train Acc: 100.00% | Test Loss: 0.2929, Test Acc: 91.88%
---> Saving model... (Accuracy improved from 91.73% to 91.88%)
Epoch [153/200] - Train Loss: 0.0015, Train Acc: 100.00% | Test Loss: 0.2895, Test Acc: 92.09%
---> Saving model... (Accuracy improved from 91.88% to 92.09%)
Epoch [154/200] - Train Loss: 0.0016, Train Acc: 100.00% | Test Loss: 0.2826, Test Acc: 92.03%
Epoch [155/200] - Train Loss: 0.0016, Train Acc: 100.00% | Test Loss: 0.2797, Test Acc: 92.03%
Epoch [156/200] - Train Loss: 0.0016, Train Acc: 100.00% | Test Loss: 0.2744, Test Acc: 92.16%
---> Saving model... (Accuracy improved from 92.09% to 92.16%)
Epoch [157/200] - Train Loss: 0.0017, Train Acc: 100.00% | Test Loss: 0.2725, Test Acc: 92.29%
---> Saving model... (Accuracy improved from 92.16% to 92.29%)
Epoch [158/200] - Train Loss: 0.0017, Train Acc: 100.00% | Test Loss: 0.2711, Test Acc: 92.24%
Epoch [159/200] - Train Loss: 0.0018, Train Acc: 100.00% | Test Loss: 0.2707, Test Acc: 92.28%
Epoch [160/200] - Train Loss: 0.0018, Train Acc: 100.00% | Test Loss: 0.2676, Test Acc: 92.23%
Epoch [161/200] - Train Loss: 0.0018, Train Acc: 100.00% | Test Loss: 0.2667, Test Acc: 92.24%
Epoch [162/200] - Train Loss: 0.0018, Train Acc: 100.00% | Test Loss: 0.2665, Test Acc: 92.27%
Epoch [163/200] - Train Loss: 0.0019, Train Acc: 100.00% | Test Loss: 0.2660, Test Acc: 92.31%
---> Saving model... (Accuracy improved from 92.29% to 92.31%)
Epoch [164/200] - Train Loss: 0.0018, Train Acc: 100.00% | Test Loss: 0.2657, Test Acc: 92.30%
Epoch [165/200] - Train Loss: 0.0018, Train Acc: 100.00% | Test Loss: 0.2659, Test Acc: 92.36%
---> Saving model... (Accuracy improved from 92.31% to 92.36%)
Epoch [166/200] - Train Loss: 0.0018, Train Acc: 100.00% | Test Loss: 0.2646, Test Acc: 92.28%
Epoch [167/200] - Train Loss: 0.0019, Train Acc: 100.00% | Test Loss: 0.2653, Test Acc: 92.28%
Epoch [168/200] - Train Loss: 0.0019, Train Acc: 100.00% | Test Loss: 0.2652, Test Acc: 92.29%
Epoch [169/200] - Train Loss: 0.0019, Train Acc: 100.00% | Test Loss: 0.2630, Test Acc: 92.38%
---> Saving model... (Accuracy improved from 92.36% to 92.38%)
Epoch [170/200] - Train Loss: 0.0019, Train Acc: 100.00% | Test Loss: 0.2638, Test Acc: 92.36%
Epoch [171/200] - Train Loss: 0.0019, Train Acc: 100.00% | Test Loss: 0.2622, Test Acc: 92.47%
---> Saving model... (Accuracy improved from 92.38% to 92.47%)
Epoch [172/200] - Train Loss: 0.0018, Train Acc: 100.00% | Test Loss: 0.2627, Test Acc: 92.40%
Epoch [173/200] - Train Loss: 0.0018, Train Acc: 100.00% | Test Loss: 0.2619, Test Acc: 92.48%
---> Saving model... (Accuracy improved from 92.47% to 92.48%)
Epoch [174/200] - Train Loss: 0.0019, Train Acc: 100.00% | Test Loss: 0.2637, Test Acc: 92.46%
Epoch [175/200] - Train Loss: 0.0019, Train Acc: 100.00% | Test Loss: 0.2633, Test Acc: 92.46%
Epoch [176/200] - Train Loss: 0.0018, Train Acc: 100.00% | Test Loss: 0.2630, Test Acc: 92.48%
Epoch [177/200] - Train Loss: 0.0019, Train Acc: 100.00% | Test Loss: 0.2630, Test Acc: 92.49%
---> Saving model... (Accuracy improved from 92.48% to 92.49%)
Epoch [178/200] - Train Loss: 0.0019, Train Acc: 100.00% | Test Loss: 0.2629, Test Acc: 92.45%
Epoch [179/200] - Train Loss: 0.0018, Train Acc: 100.00% | Test Loss: 0.2624, Test Acc: 92.42%
Epoch [180/200] - Train Loss: 0.0019, Train Acc: 100.00% | Test Loss: 0.2624, Test Acc: 92.51%
---> Saving model... (Accuracy improved from 92.49% to 92.51%)
Epoch [181/200] - Train Loss: 0.0018, Train Acc: 100.00% | Test Loss: 0.2634, Test Acc: 92.42%
Epoch [182/200] - Train Loss: 0.0018, Train Acc: 100.00% | Test Loss: 0.2636, Test Acc: 92.44%
Epoch [183/200] - Train Loss: 0.0018, Train Acc: 100.00% | Test Loss: 0.2630, Test Acc: 92.48%
Epoch [184/200] - Train Loss: 0.0019, Train Acc: 100.00% | Test Loss: 0.2621, Test Acc: 92.45%
Epoch [185/200] - Train Loss: 0.0018, Train Acc: 100.00% | Test Loss: 0.2639, Test Acc: 92.51%
Epoch [186/200] - Train Loss: 0.0018, Train Acc: 100.00% | Test Loss: 0.2635, Test Acc: 92.44%
Epoch [187/200] - Train Loss: 0.0018, Train Acc: 100.00% | Test Loss: 0.2637, Test Acc: 92.54%
---> Saving model... (Accuracy improved from 92.51% to 92.54%)
Epoch [188/200] - Train Loss: 0.0019, Train Acc: 100.00% | Test Loss: 0.2635, Test Acc: 92.46%
Epoch [189/200] - Train Loss: 0.0018, Train Acc: 100.00% | Test Loss: 0.2639, Test Acc: 92.52%
Epoch [190/200] - Train Loss: 0.0018, Train Acc: 100.00% | Test Loss: 0.2615, Test Acc: 92.41%
Epoch [191/200] - Train Loss: 0.0018, Train Acc: 100.00% | Test Loss: 0.2626, Test Acc: 92.47%
Epoch [192/200] - Train Loss: 0.0019, Train Acc: 100.00% | Test Loss: 0.2638, Test Acc: 92.42%
Epoch [193/200] - Train Loss: 0.0018, Train Acc: 100.00% | Test Loss: 0.2619, Test Acc: 92.40%
Epoch [194/200] - Train Loss: 0.0018, Train Acc: 100.00% | Test Loss: 0.2621, Test Acc: 92.53%
Epoch [195/200] - Train Loss: 0.0018, Train Acc: 100.00% | Test Loss: 0.2609, Test Acc: 92.58%
---> Saving model... (Accuracy improved from 92.54% to 92.58%)
Epoch [196/200] - Train Loss: 0.0018, Train Acc: 100.00% | Test Loss: 0.2638, Test Acc: 92.47%
Epoch [197/200] - Train Loss: 0.0018, Train Acc: 100.00% | Test Loss: 0.2618, Test Acc: 92.45%
Epoch [198/200] - Train Loss: 0.0018, Train Acc: 100.00% | Test Loss: 0.2636, Test Acc: 92.45%
Epoch [199/200] - Train Loss: 0.0018, Train Acc: 100.00% | Test Loss: 0.2624, Test Acc: 92.47%
Epoch [200/200] - Train Loss: 0.0018, Train Acc: 100.00% | Test Loss: 0.2630, Test Acc: 92.51%

Training complete. Best Test Accuracy: 92.58%
